<?xml version="1.0" encoding="UTF-8"?>
<testng-results ignored="0" total="10" passed="9" failed="1" skipped="0">
  <reporter-output>
  </reporter-output>
  <suite started-at="2021-09-26T18:17:41 IST" name="Suite" finished-at="2021-09-26T18:19:51 IST" duration-ms="130596">
    <groups>
    </groups>
    <test started-at="2021-09-26T18:17:41 IST" name="Test" finished-at="2021-09-26T18:19:51 IST" duration-ms="130596">
      <class name="runner.runnerFile">
        <test-method signature="search()[pri:0, instance:runner.runnerFile@23d1e5d0]" started-at="2021-09-26T18:17:41 IST" name="search" finished-at="2021-09-26T18:18:02 IST" duration-ms="21822" status="PASS">
          <reporter-output>
          </reporter-output>
        </test-method> <!-- search -->
        <test-method signature="lists()[pri:1, instance:runner.runnerFile@23d1e5d0]" started-at="2021-09-26T18:18:02 IST" name="lists" finished-at="2021-09-26T18:18:13 IST" duration-ms="10584" status="PASS">
          <reporter-output>
          </reporter-output>
        </test-method> <!-- lists -->
        <test-method signature="hovering()[pri:2, instance:runner.runnerFile@23d1e5d0]" started-at="2021-09-26T18:18:13 IST" name="hovering" finished-at="2021-09-26T18:18:26 IST" duration-ms="13399" status="PASS">
          <reporter-output>
          </reporter-output>
        </test-method> <!-- hovering -->
        <test-method signature="titleVerification()[pri:3, instance:runner.runnerFile@23d1e5d0]" started-at="2021-09-26T18:18:26 IST" name="titleVerification" finished-at="2021-09-26T18:18:39 IST" duration-ms="12322" status="PASS">
          <reporter-output>
          </reporter-output>
        </test-method> <!-- titleVerification -->
        <test-method signature="studytableVerification()[pri:4, instance:runner.runnerFile@23d1e5d0]" started-at="2021-09-26T18:18:39 IST" name="studytableVerification" finished-at="2021-09-26T18:18:50 IST" duration-ms="10976" status="PASS">
          <reporter-output>
          </reporter-output>
        </test-method> <!-- studytableVerification -->
        <test-method signature="email()[pri:5, instance:runner.runnerFile@23d1e5d0]" started-at="2021-09-26T18:18:50 IST" name="email" finished-at="2021-09-26T18:19:05 IST" duration-ms="15815" status="PASS">
          <reporter-output>
          </reporter-output>
        </test-method> <!-- email -->
        <test-method signature="correctEmail()[pri:6, instance:runner.runnerFile@23d1e5d0]" started-at="2021-09-26T18:19:05 IST" name="correctEmail" finished-at="2021-09-26T18:19:23 IST" duration-ms="17562" status="PASS">
          <reporter-output>
          </reporter-output>
        </test-method> <!-- correctEmail -->
        <test-method signature="Subscription()[pri:7, instance:runner.runnerFile@23d1e5d0]" started-at="2021-09-26T18:19:23 IST" name="Subscription" finished-at="2021-09-26T18:19:34 IST" duration-ms="11076" status="PASS">
          <reporter-output>
          </reporter-output>
        </test-method> <!-- Subscription -->
        <test-method signature="socialmedia()[pri:8, instance:runner.runnerFile@23d1e5d0]" started-at="2021-09-26T18:19:34 IST" name="socialmedia" finished-at="2021-09-26T18:19:45 IST" duration-ms="10495" status="PASS">
          <reporter-output>
          </reporter-output>
        </test-method> <!-- socialmedia -->
        <test-method signature="address()[pri:9, instance:runner.runnerFile@23d1e5d0]" started-at="2021-09-26T18:19:45 IST" name="address" finished-at="2021-09-26T18:19:51 IST" duration-ms="6448" status="FAIL">
          <exception class="java.lang.AssertionError">
            <message>
              <![CDATA[expected [false] but found [true]]]>
            </message>
            <full-stacktrace>
              <![CDATA[java.lang.AssertionError: expected [false] but found [true]
at org.testng.Assert.fail(Assert.java:99)
at org.testng.Assert.failNotEquals(Assert.java:1037)
at org.testng.Assert.assertEqualsImpl(Assert.java:140)
at org.testng.Assert.assertEquals(Assert.java:122)
at org.testng.Assert.assertEquals(Assert.java:819)
at org.testng.Assert.assertEquals(Assert.java:829)
at runner.runnerFile.address(runnerFile.java:181)
at java.base/jdk.internal.reflect.NativeMethodAccessorImpl.invoke0(Native Method)
at java.base/jdk.internal.reflect.NativeMethodAccessorImpl.invoke(NativeMethodAccessorImpl.java:62)
at java.base/jdk.internal.reflect.DelegatingMethodAccessorImpl.invoke(DelegatingMethodAccessorImpl.java:43)
at java.base/java.lang.reflect.Method.invoke(Method.java:566)
at org.testng.internal.MethodInvocationHelper.invokeMethod(MethodInvocationHelper.java:133)
at org.testng.internal.TestInvoker.invokeMethod(TestInvoker.java:598)
at org.testng.internal.TestInvoker.invokeTestMethod(TestInvoker.java:173)
at org.testng.internal.MethodRunner.runInSequence(MethodRunner.java:46)
at org.testng.internal.TestInvoker$MethodInvocationAgent.invoke(TestInvoker.java:824)
at org.testng.internal.TestInvoker.invokeTestMethods(TestInvoker.java:146)
at org.testng.internal.TestMethodWorker.invokeTestMethods(TestMethodWorker.java:146)
at org.testng.internal.TestMethodWorker.run(TestMethodWorker.java:128)
at java.base/java.util.ArrayList.forEach(ArrayList.java:1541)
at org.testng.TestRunner.privateRun(TestRunner.java:794)
at org.testng.TestRunner.run(TestRunner.java:596)
at org.testng.SuiteRunner.runTest(SuiteRunner.java:377)
at org.testng.SuiteRunner.runSequentially(SuiteRunner.java:371)
at org.testng.SuiteRunner.privateRun(SuiteRunner.java:332)
at org.testng.SuiteRunner.run(SuiteRunner.java:276)
at org.testng.SuiteRunnerWorker.runSuite(SuiteRunnerWorker.java:53)
at org.testng.SuiteRunnerWorker.run(SuiteRunnerWorker.java:96)
at org.testng.TestNG.runSuitesSequentially(TestNG.java:1212)
at org.testng.TestNG.runSuitesLocally(TestNG.java:1134)
at org.testng.TestNG.runSuites(TestNG.java:1063)
at org.testng.TestNG.run(TestNG.java:1031)
at org.testng.remote.AbstractRemoteTestNG.run(AbstractRemoteTestNG.java:115)
at org.testng.remote.RemoteTestNG.initAndRun(RemoteTestNG.java:251)
at org.testng.remote.RemoteTestNG.main(RemoteTestNG.java:77)
]]>
            </full-stacktrace>
          </exception> <!-- java.lang.AssertionError -->
          <reporter-output>
          </reporter-output>
        </test-method> <!-- address -->
      </class> <!-- runner.runnerFile -->
    </test> <!-- Test -->
  </suite> <!-- Suite -->
</testng-results>
